d:\rnd\strings-2\src\debug\vc120.pdb
d:\rnd\strings-2\src\debug\vc120.idb
d:\rnd\strings-2\src\debug\validemail.obj
d:\rnd\strings-2\src\debug\consonants_vowels.obj
d:\rnd\strings-2\src\debug\getfrequencyofword.obj
d:\rnd\strings-2\src\debug\mainstrings2.obj
d:\rnd\strings-2\src\debug\getlastword.obj
d:\rnd\strings-2\src\debug\strmatch.obj
d:\rnd\strings-2\src\debug\getsubstring.obj
d:\rnd\strings-2\src\debug\binarystrop.obj
d:\rnd\strings-2\src\debug\commonroute.obj
d:\rnd\strings-2\debug\src.pdb
d:\rnd\strings-2\src\debug\src.tlog\cl.command.1.tlog
d:\rnd\strings-2\src\debug\src.tlog\cl.read.1.tlog
d:\rnd\strings-2\src\debug\src.tlog\cl.write.1.tlog
d:\rnd\strings-2\src\debug\src.tlog\link-cvtres.read.1.tlog
d:\rnd\strings-2\src\debug\src.tlog\link-cvtres.write.1.tlog
d:\rnd\strings-2\src\debug\src.tlog\link-rc.read.1.tlog
d:\rnd\strings-2\src\debug\src.tlog\link-rc.write.1.tlog
d:\rnd\strings-2\src\debug\src.tlog\link.command.1.tlog
d:\rnd\strings-2\src\debug\src.tlog\link.read.1.tlog
d:\rnd\strings-2\src\debug\src.tlog\link.write.1.tlog
