c:\users\krish\downloads\cbasics\c-basics-master\src\debug\vc120.pdb
c:\users\krish\downloads\cbasics\c-basics-master\src\debug\vc120.idb
c:\users\krish\downloads\cbasics\c-basics-master\src\debug\count.obj
c:\users\krish\downloads\cbasics\c-basics-master\src\debug\countfactorials.obj
c:\users\krish\downloads\cbasics\c-basics-master\src\debug\countones.obj
c:\users\krish\downloads\cbasics\c-basics-master\src\debug\decimaltooctal.obj
c:\users\krish\downloads\cbasics\c-basics-master\src\debug\isolder.obj
c:\users\krish\downloads\cbasics\c-basics-master\src\debug\isperfect.obj
c:\users\krish\downloads\cbasics\c-basics-master\src\debug\mainbasics.obj
c:\users\krish\downloads\cbasics\c-basics-master\src\debug\nthnumber.obj
c:\users\krish\downloads\cbasics\c-basics-master\src\debug\octaltohexadecimal.obj
c:\users\krish\downloads\cbasics\c-basics-master\src\debug\swapbits.obj
c:\users\krish\downloads\cbasics\c-basics-master\src\debug\sum.obj
c:\users\krish\downloads\cbasics\c-basics-master\src\debug\swap.obj
c:\users\krish\downloads\cbasics\c-basics-master\src\debug\variablearguments.obj
c:\users\krish\downloads\cbasics\c-basics-master\debug\src.ilk
c:\users\krish\downloads\cbasics\c-basics-master\debug\src.exe
c:\users\krish\downloads\cbasics\c-basics-master\debug\src.pdb
c:\users\krish\downloads\cbasics\c-basics-master\src\debug\src.tlog\cl.command.1.tlog
c:\users\krish\downloads\cbasics\c-basics-master\src\debug\src.tlog\cl.read.1.tlog
c:\users\krish\downloads\cbasics\c-basics-master\src\debug\src.tlog\cl.write.1.tlog
c:\users\krish\downloads\cbasics\c-basics-master\src\debug\src.tlog\link.command.1.tlog
c:\users\krish\downloads\cbasics\c-basics-master\src\debug\src.tlog\link.read.1.tlog
c:\users\krish\downloads\cbasics\c-basics-master\src\debug\src.tlog\link.write.1.tlog
