d:\rnd\strings-2\spec\debug\spec.pch
d:\rnd\strings-2\spec\debug\vc120.pdb
d:\rnd\strings-2\spec\debug\stdafx.obj
d:\rnd\strings-2\spec\debug\strmatchspec.obj
d:\rnd\strings-2\spec\debug\getsubstringspec.obj
d:\rnd\strings-2\spec\debug\getlastwordspec.obj
d:\rnd\strings-2\spec\debug\getfrequencyofwordspec.obj
d:\rnd\strings-2\spec\debug\consonants_vowelsspec.obj
d:\rnd\strings-2\spec\debug\commonroutespec.obj
d:\rnd\strings-2\spec\debug\assemblyinfo.obj
d:\rnd\strings-2\spec\debug\validemailspec.obj
d:\rnd\strings-2\spec\debug\binarystropspec.obj
d:\rnd\strings-2\spec\debug\.netframework,version=v4.0.assemblyattributes.obj
d:\rnd\strings-2\spec\debug\app.res
d:\rnd\strings-2\spec\debug\spec.vcxprojresolveassemblyreference.cache
d:\rnd\strings-2\debug\spec.pdb
d:\rnd\strings-2\spec\debug\spec.tlog\cl.command.1.tlog
d:\rnd\strings-2\spec\debug\spec.tlog\cl.read.1.tlog
d:\rnd\strings-2\spec\debug\spec.tlog\cl.write.1.tlog
d:\rnd\strings-2\spec\debug\spec.tlog\link.5472-cvtres.read.1.tlog
d:\rnd\strings-2\spec\debug\spec.tlog\link.5472-cvtres.write.1.tlog
d:\rnd\strings-2\spec\debug\spec.tlog\link.5472-rc.read.1.tlog
d:\rnd\strings-2\spec\debug\spec.tlog\link.5472-rc.write.1.tlog
d:\rnd\strings-2\spec\debug\spec.tlog\link.5472.read.1.tlog
d:\rnd\strings-2\spec\debug\spec.tlog\link.5472.write.1.tlog
d:\rnd\strings-2\spec\debug\spec.tlog\link.command.1.tlog
d:\rnd\strings-2\spec\debug\spec.tlog\link.read.1.tlog
d:\rnd\strings-2\spec\debug\spec.tlog\link.write.1.tlog
d:\rnd\strings-2\spec\debug\spec.tlog\metagen.read.1.tlog
d:\rnd\strings-2\spec\debug\spec.tlog\metagen.write.1.tlog
d:\rnd\strings-2\spec\debug\spec.tlog\rc.command.1.tlog
d:\rnd\strings-2\spec\debug\spec.tlog\rc.read.1.tlog
d:\rnd\strings-2\spec\debug\spec.tlog\rc.write.1.tlog
d:\rnd\strings-2\spec\debug\spec.tlog\tzres.dll.bi
