Build started 8/17/2017 5:17:11 PM.
     1>Project "D:\RnD\linked_list2\spec\spec.vcxproj" on node 2 (Build target(s)).
     1>Link:
         C:\Program Files (x86)\Microsoft Visual Studio 12.0\VC\bin\link.exe /ERRORREPORT:PROMPT /OUT:"D:\RnD\linked_list2\Debug\spec.dll" /INCREMENTAL /NOLOGO /MANIFEST /MANIFESTUAC:"level='asInvoker' uiAccess='false'" /manifest:embed /DEBUG /PDB:"D:\RnD\linked_list2\Debug\spec.pdb" /TLBID:1 /DYNAMICBASE /FIXED:NO /NXCOMPAT /MACHINE:X86 /SAFESEH /DLL Debug\app.res
         Debug\AssemblyInfo.obj
         Debug\BetweenDaysSpec.obj
         Debug\CircularListsMergeSpec.obj
         Debug\DoorsToCrossSpec.obj
         Debug\insertAtEveryKthNodeSpec.obj
         Debug\linkedListMedianSpec.obj
         Debug\merge2LinkedListsSpec.obj
         Debug\OddEvenSpec.obj
         Debug\PairUpSpec.obj
         Debug\reverseLinkedListSpec.obj
         Debug\stdafx.obj
         "Debug\.NETFramework,Version=v4.0.AssemblyAttributes.obj"
         spec.vcxproj -> D:\RnD\linked_list2\Debug\spec.dll
     1>Done Building Project "D:\RnD\linked_list2\spec\spec.vcxproj" (Build target(s)).

Build succeeded.

Time Elapsed 00:00:01.54
