d:\rnd\linked_list2\spec\debug\spec.pch
d:\rnd\linked_list2\spec\debug\vc120.pdb
d:\rnd\linked_list2\spec\debug\stdafx.obj
d:\rnd\linked_list2\spec\debug\reverselinkedlistspec.obj
d:\rnd\linked_list2\spec\debug\pairupspec.obj
d:\rnd\linked_list2\spec\debug\oddevenspec.obj
d:\rnd\linked_list2\spec\debug\merge2linkedlistsspec.obj
d:\rnd\linked_list2\spec\debug\linkedlistmedianspec.obj
d:\rnd\linked_list2\spec\debug\insertateverykthnodespec.obj
d:\rnd\linked_list2\spec\debug\doorstocrossspec.obj
d:\rnd\linked_list2\spec\debug\circularlistsmergespec.obj
d:\rnd\linked_list2\spec\debug\betweendaysspec.obj
d:\rnd\linked_list2\spec\debug\assemblyinfo.obj
d:\rnd\linked_list2\spec\debug\.netframework,version=v4.0.assemblyattributes.obj
d:\rnd\linked_list2\spec\debug\app.res
d:\rnd\linked_list2\spec\debug\spec.vcxprojresolveassemblyreference.cache
d:\rnd\linked_list2\debug\spec.pdb
d:\rnd\linked_list2\debug\spec.dll
d:\rnd\linked_list2\spec\debug\spec.tlog\cl.command.1.tlog
d:\rnd\linked_list2\spec\debug\spec.tlog\cl.read.1.tlog
d:\rnd\linked_list2\spec\debug\spec.tlog\cl.write.1.tlog
d:\rnd\linked_list2\spec\debug\spec.tlog\link.command.1.tlog
d:\rnd\linked_list2\spec\debug\spec.tlog\link.read.1.tlog
d:\rnd\linked_list2\spec\debug\spec.tlog\link.write.1.tlog
d:\rnd\linked_list2\spec\debug\spec.tlog\metagen.read.1.tlog
d:\rnd\linked_list2\spec\debug\spec.tlog\metagen.write.1.tlog
d:\rnd\linked_list2\spec\debug\spec.tlog\rc.command.1.tlog
d:\rnd\linked_list2\spec\debug\spec.tlog\rc.read.1.tlog
d:\rnd\linked_list2\spec\debug\spec.tlog\rc.write.1.tlog
d:\rnd\linked_list2\spec\debug\spec.tlog\tzres.dll.bi
