d:\rnd\linked_list2\src\debug\vc120.pdb
d:\rnd\linked_list2\src\debug\vc120.idb
d:\rnd\linked_list2\src\debug\betweendays.obj
d:\rnd\linked_list2\src\debug\circularlistsmerge.obj
d:\rnd\linked_list2\src\debug\doorstocross.obj
d:\rnd\linked_list2\src\debug\insertateverykthnode.obj
d:\rnd\linked_list2\src\debug\linkedlistmedian.obj
d:\rnd\linked_list2\src\debug\mainlinkedlists2.obj
d:\rnd\linked_list2\src\debug\merge2linkedlists.obj
d:\rnd\linked_list2\src\debug\oddeven.obj
d:\rnd\linked_list2\src\debug\pairup.obj
d:\rnd\linked_list2\src\debug\reverselinkedlist.obj
d:\rnd\linked_list2\debug\src.ilk
d:\rnd\linked_list2\debug\src.exe
d:\rnd\linked_list2\debug\src.pdb
d:\rnd\linked_list2\src\debug\src.tlog\cl.command.1.tlog
d:\rnd\linked_list2\src\debug\src.tlog\cl.read.1.tlog
d:\rnd\linked_list2\src\debug\src.tlog\cl.write.1.tlog
d:\rnd\linked_list2\src\debug\src.tlog\link.command.1.tlog
d:\rnd\linked_list2\src\debug\src.tlog\link.read.1.tlog
d:\rnd\linked_list2\src\debug\src.tlog\link.write.1.tlog
