d:\rnd\bst\spec\debug\spec.pch
d:\rnd\bst\spec\debug\vc120.pdb
d:\rnd\bst\spec\debug\stdafx.obj
d:\rnd\bst\spec\debug\bsttransversalsspec.obj
d:\rnd\bst\spec\debug\sortedarraytobstspec.obj
d:\rnd\bst\spec\debug\heightofbstspec.obj
d:\rnd\bst\spec\debug\fixbstspec.obj
d:\rnd\bst\spec\debug\bstrowsspec.obj
d:\rnd\bst\spec\debug\bstclosestleafdistancespec.obj
d:\rnd\bst\spec\debug\assemblyinfo.obj
d:\rnd\bst\spec\debug\.netframework,version=v4.0.assemblyattributes.obj
d:\rnd\bst\debug\spec.dll
d:\rnd\bst\debug\spec.pdb
d:\rnd\bst\spec\debug\app.res
d:\rnd\bst\spec\debug\spec.vcxprojresolveassemblyreference.cache
d:\rnd\bst\spec\debug\spec.tlog\cl.command.1.tlog
d:\rnd\bst\spec\debug\spec.tlog\cl.read.1.tlog
d:\rnd\bst\spec\debug\spec.tlog\cl.write.1.tlog
d:\rnd\bst\spec\debug\spec.tlog\link.command.1.tlog
d:\rnd\bst\spec\debug\spec.tlog\link.read.1.tlog
d:\rnd\bst\spec\debug\spec.tlog\link.write.1.tlog
d:\rnd\bst\spec\debug\spec.tlog\metagen.read.1.tlog
d:\rnd\bst\spec\debug\spec.tlog\metagen.write.1.tlog
d:\rnd\bst\spec\debug\spec.tlog\rc.command.1.tlog
d:\rnd\bst\spec\debug\spec.tlog\rc.read.1.tlog
d:\rnd\bst\spec\debug\spec.tlog\rc.write.1.tlog
d:\rnd\bst\spec\debug\spec.tlog\tzres.dll.bi
