Build started 10/6/2017 12:43:16 AM.
     1>Project "D:\RnD\recursion\spec\spec.vcxproj" on node 2 (Build target(s)).
     1>ClCompile:
         C:\Program Files (x86)\Microsoft Visual Studio 12.0\VC\bin\CL.exe /c /AI"C:\Program Files (x86)\Reference Assemblies\Microsoft\Framework\.NETFramework\v4.0" /AI"C:\Program Files (x86)\Windows Kits\8.1\References\CommonConfiguration\Neutral" /Zi /clr /nologo /W3 /WX- /Od /Oy- /D WIN32 /D _DEBUG /D _WINDLL /D _UNICODE /D UNICODE /EHa /MD /GS /fp:precise /Zc:wchar_t /Zc:forScope /Yu"stdafx.h" /Fp"Debug\spec.pch" /Fo"Debug\\" /Fd"Debug\vc120.pdb" /TP /FU"C:\Program Files (x86)\Microsoft Visual Studio 12.0\Common7\IDE\ReferenceAssemblies\v4.0\Microsoft.VisualStudio.QualityTools.UnitTestFramework.dll" /FU"C:\Program Files (x86)\Reference Assemblies\Microsoft\Framework\.NETFramework\v4.0\mscorlib.dll" /FU"C:\Program Files (x86)\Reference Assemblies\Microsoft\Framework\.NETFramework\v4.0\System.Data.dll" /FU"C:\Program Files (x86)\Reference Assemblies\Microsoft\Framework\.NETFramework\v4.0\System.dll" /FU"C:\Program Files (x86)\Reference Assemblies\Microsoft\Framework\.NETFramework\v4.0\System.Xml.dll" /analyze- /errorReport:prompt /clr:nostdlib PillarsSpec.cpp
         PillarsSpec.cpp
     1>PillarsSpec.cpp(3): warning C4067: unexpected tokens following preprocessor directive - expected a newline
     1>PillarsSpec.cpp(4): warning C4067: unexpected tokens following preprocessor directive - expected a newline
       Link:
         C:\Program Files (x86)\Microsoft Visual Studio 12.0\VC\bin\link.exe /ERRORREPORT:PROMPT /OUT:"D:\RnD\recursion\Debug\spec.dll" /INCREMENTAL /NOLOGO /MANIFEST /MANIFESTUAC:"level='asInvoker' uiAccess='false'" /manifest:embed /DEBUG /PDB:"D:\RnD\recursion\Debug\spec.pdb" /TLBID:1 /DYNAMICBASE /FIXED:NO /NXCOMPAT /MACHINE:X86 /SAFESEH /DLL Debug\app.res
         Debug\AssemblyInfo.obj
         Debug\CountPairsSpec.obj
         Debug\MazeSpec.obj
         Debug\PillarsSpec.obj
         Debug\RopeStudentsSpec.obj
         Debug\SpiralSpec.obj
         Debug\stdafx.obj
         Debug\NSnipersSpec.obj
         Debug\StepsSpec.obj
         "Debug\.NETFramework,Version=v4.0.AssemblyAttributes.obj"
         spec.vcxproj -> D:\RnD\recursion\Debug\spec.dll
     1>Done Building Project "D:\RnD\recursion\spec\spec.vcxproj" (Build target(s)).

Build succeeded.

Time Elapsed 00:00:01.96
