d:\rnd\recursion\spec\debug\spec.pch
d:\rnd\recursion\spec\debug\vc120.pdb
d:\rnd\recursion\spec\debug\stdafx.obj
d:\rnd\recursion\spec\debug\stepsspec.obj
d:\rnd\recursion\spec\debug\nsnipersspec.obj
d:\rnd\recursion\spec\debug\spiralspec.obj
d:\rnd\recursion\spec\debug\ropestudentsspec.obj
d:\rnd\recursion\spec\debug\pillarsspec.obj
d:\rnd\recursion\spec\debug\mazespec.obj
d:\rnd\recursion\spec\debug\countpairsspec.obj
d:\rnd\recursion\spec\debug\assemblyinfo.obj
d:\rnd\recursion\spec\debug\.netframework,version=v4.0.assemblyattributes.obj
d:\rnd\recursion\spec\debug\app.res
d:\rnd\recursion\spec\debug\spec.vcxprojresolveassemblyreference.cache
d:\rnd\recursion\debug\spec.dll
d:\rnd\recursion\spec\debug\spec.tlog\cl.command.1.tlog
d:\rnd\recursion\spec\debug\spec.tlog\cl.read.1.tlog
d:\rnd\recursion\spec\debug\spec.tlog\cl.write.1.tlog
d:\rnd\recursion\spec\debug\spec.tlog\link.command.1.tlog
d:\rnd\recursion\spec\debug\spec.tlog\link.read.1.tlog
d:\rnd\recursion\spec\debug\spec.tlog\link.write.1.tlog
d:\rnd\recursion\spec\debug\spec.tlog\metagen.read.1.tlog
d:\rnd\recursion\spec\debug\spec.tlog\metagen.write.1.tlog
d:\rnd\recursion\spec\debug\spec.tlog\rc.command.1.tlog
d:\rnd\recursion\spec\debug\spec.tlog\rc.read.1.tlog
d:\rnd\recursion\spec\debug\spec.tlog\rc.write.1.tlog
d:\rnd\recursion\spec\debug\spec.tlog\tzres.dll.bi
