Build started 10/8/2017 11:21:01 AM.
     1>Project "D:\RnD\mock_2\src\src.vcxproj" on node 2 (Build target(s)).
     1>ClCompile:
         C:\Program Files (x86)\Microsoft Visual Studio 12.0\VC\bin\CL.exe /c /ZI /nologo /W3 /WX- /sdl /Od /Oy- /D WIN32 /D _DEBUG /D _CONSOLE /D _LIB /D _UNICODE /D UNICODE /Gm /EHsc /RTC1 /MDd /GS /fp:precise /Zc:wchar_t /Zc:forScope /Fo"Debug\\" /Fd"Debug\vc120.pdb" /Gd /TP /analyze- /errorReport:prompt DomValidator.cpp MangoCollector.cpp MiniLeaderboard.cpp
         MiniLeaderboard.cpp
         MangoCollector.cpp
     1>d:\rnd\mock_2\src\mangocollector.cpp(118): warning C4101: 'minIndex' : unreferenced local variable
         DomValidator.cpp
         Generating Code...
     1>d:\rnd\mock_2\src\minileaderboard.cpp(74): warning C4715: 'mini_leaderboard' : not all control paths return a value
       Link:
         C:\Program Files (x86)\Microsoft Visual Studio 12.0\VC\bin\link.exe /ERRORREPORT:PROMPT /OUT:"D:\RnD\mock_2\Debug\src.exe" /INCREMENTAL /NOLOGO kernel32.lib user32.lib gdi32.lib winspool.lib comdlg32.lib advapi32.lib shell32.lib ole32.lib oleaut32.lib uuid.lib odbc32.lib odbccp32.lib /MANIFEST /MANIFESTUAC:"level='asInvoker' uiAccess='false'" /manifest:embed /DEBUG /PDB:"D:\RnD\mock_2\Debug\src.pdb" /SUBSYSTEM:CONSOLE /TLBID:1 /DYNAMICBASE /NXCOMPAT /IMPLIB:"D:\RnD\mock_2\Debug\src.lib" /MACHINE:X86 Debug\ChessPawns.obj
         Debug\DomValidator.obj
         Debug\EncodeDecode.obj
         Debug\MainMockTest2.obj
         Debug\MangoCollector.obj
         Debug\MiniLeaderboard.obj
         src.vcxproj -> D:\RnD\mock_2\Debug\src.exe
     1>Done Building Project "D:\RnD\mock_2\src\src.vcxproj" (Build target(s)).

Build succeeded.

Time Elapsed 00:00:02.66
