d:\rnd\recursion2\spec\debug\spec.pch
d:\rnd\recursion2\spec\debug\vc120.pdb
d:\rnd\recursion2\spec\debug\stdafx.obj
d:\rnd\recursion2\spec\debug\savemaryspec.obj
d:\rnd\recursion2\spec\debug\newyorkspec.obj
d:\rnd\recursion2\spec\debug\mergebstsspec.obj
d:\rnd\recursion2\spec\debug\magictoolspec.obj
d:\rnd\recursion2\spec\debug\identifykidspec.obj
d:\rnd\recursion2\spec\debug\assemblyinfo.obj
d:\rnd\recursion2\spec\debug\.netframework,version=v4.0.assemblyattributes.obj
d:\rnd\recursion2\debug\spec.dll
d:\rnd\recursion2\debug\spec.pdb
d:\rnd\recursion2\spec\debug\app.res
d:\rnd\recursion2\spec\debug\spec.vcxprojresolveassemblyreference.cache
d:\rnd\recursion2\spec\debug\spec.tlog\cl.command.1.tlog
d:\rnd\recursion2\spec\debug\spec.tlog\cl.read.1.tlog
d:\rnd\recursion2\spec\debug\spec.tlog\cl.write.1.tlog
d:\rnd\recursion2\spec\debug\spec.tlog\link.command.1.tlog
d:\rnd\recursion2\spec\debug\spec.tlog\link.read.1.tlog
d:\rnd\recursion2\spec\debug\spec.tlog\link.write.1.tlog
d:\rnd\recursion2\spec\debug\spec.tlog\metagen.read.1.tlog
d:\rnd\recursion2\spec\debug\spec.tlog\metagen.write.1.tlog
d:\rnd\recursion2\spec\debug\spec.tlog\rc.command.1.tlog
d:\rnd\recursion2\spec\debug\spec.tlog\rc.read.1.tlog
d:\rnd\recursion2\spec\debug\spec.tlog\rc.write.1.tlog
d:\rnd\recursion2\spec\debug\spec.tlog\tzres.dll.bi
