d:\rnd\linked_list\spec\debug\spec.pch
d:\rnd\linked_list\spec\debug\vc120.pdb
d:\rnd\linked_list\spec\debug\stdafx.obj
d:\rnd\linked_list\spec\debug\isdivsllspec.obj
d:\rnd\linked_list\spec\debug\twodigitlinkedlistspec.obj
d:\rnd\linked_list\spec\debug\sortlinkedlistspec.obj
d:\rnd\linked_list\spec\debug\removeeverykthnode.obj
d:\rnd\linked_list\spec\debug\numbertolinkedlistspec.obj
d:\rnd\linked_list\spec\debug\assemblyinfo.obj
d:\rnd\linked_list\spec\debug\sll012sortspec.obj
d:\rnd\linked_list\spec\debug\.netframework,version=v4.0.assemblyattributes.obj
d:\rnd\linked_list\debug\spec.dll
d:\rnd\linked_list\debug\spec.pdb
d:\rnd\linked_list\spec\debug\app.res
d:\rnd\linked_list\spec\debug\spec.vcxprojresolveassemblyreference.cache
d:\rnd\linked_list\spec\debug\spec.tlog\cl.command.1.tlog
d:\rnd\linked_list\spec\debug\spec.tlog\cl.read.1.tlog
d:\rnd\linked_list\spec\debug\spec.tlog\cl.write.1.tlog
d:\rnd\linked_list\spec\debug\spec.tlog\link.command.1.tlog
d:\rnd\linked_list\spec\debug\spec.tlog\link.read.1.tlog
d:\rnd\linked_list\spec\debug\spec.tlog\link.write.1.tlog
d:\rnd\linked_list\spec\debug\spec.tlog\metagen.read.1.tlog
d:\rnd\linked_list\spec\debug\spec.tlog\metagen.write.1.tlog
d:\rnd\linked_list\spec\debug\spec.tlog\rc.command.1.tlog
d:\rnd\linked_list\spec\debug\spec.tlog\rc.read.1.tlog
d:\rnd\linked_list\spec\debug\spec.tlog\rc.write.1.tlog
d:\rnd\linked_list\spec\debug\spec.tlog\tzres.dll.bi
