d:\rnd\arrays-2\spec\debug\spec.pch
d:\rnd\arrays-2\spec\debug\vc120.pdb
d:\rnd\arrays-2\spec\debug\stdafx.obj
d:\rnd\arrays-2\spec\debug\sortedarrayscommonelementsspec.obj
d:\rnd\arrays-2\spec\debug\pheightsspec.obj
d:\rnd\arrays-2\spec\debug\nwarspec.obj
d:\rnd\arrays-2\spec\debug\mergesortedarraysspec.obj
d:\rnd\arrays-2\spec\debug\findsingleoccurencenumberspec.obj
d:\rnd\arrays-2\spec\debug\countgreaternumbersspec.obj
d:\rnd\arrays-2\spec\debug\assemblyinfo.obj
d:\rnd\arrays-2\spec\debug\arraysequencesspec.obj
d:\rnd\arrays-2\spec\debug\.netframework,version=v4.0.assemblyattributes.obj
d:\rnd\arrays-2\spec\debug\app.res
d:\rnd\arrays-2\spec\debug\spec.vcxprojresolveassemblyreference.cache
d:\rnd\arrays-2\debug\spec.pdb
d:\rnd\arrays-2\debug\spec.dll
d:\rnd\arrays-2\spec\debug\spec.tlog\cl.command.1.tlog
d:\rnd\arrays-2\spec\debug\spec.tlog\cl.read.1.tlog
d:\rnd\arrays-2\spec\debug\spec.tlog\cl.write.1.tlog
d:\rnd\arrays-2\spec\debug\spec.tlog\link.command.1.tlog
d:\rnd\arrays-2\spec\debug\spec.tlog\link.read.1.tlog
d:\rnd\arrays-2\spec\debug\spec.tlog\link.write.1.tlog
d:\rnd\arrays-2\spec\debug\spec.tlog\metagen.read.1.tlog
d:\rnd\arrays-2\spec\debug\spec.tlog\metagen.write.1.tlog
d:\rnd\arrays-2\spec\debug\spec.tlog\rc.command.1.tlog
d:\rnd\arrays-2\spec\debug\spec.tlog\rc.read.1.tlog
d:\rnd\arrays-2\spec\debug\spec.tlog\rc.write.1.tlog
d:\rnd\arrays-2\spec\debug\spec.tlog\tzres.dll.bi
