d:\rnd\bst\src\debug\vc120.pdb
d:\rnd\bst\src\debug\vc120.idb
d:\rnd\bst\src\debug\bstclosestleafdistance.obj
d:\rnd\bst\src\debug\bstrows.obj
d:\rnd\bst\src\debug\bsttransversals.obj
d:\rnd\bst\src\debug\fixbst.obj
d:\rnd\bst\src\debug\heightofbst.obj
d:\rnd\bst\src\debug\mainbst.obj
d:\rnd\bst\src\debug\sortedarraytobst.obj
d:\rnd\bst\debug\src.pdb
d:\rnd\bst\src\debug\src.tlog\cl.command.1.tlog
d:\rnd\bst\src\debug\src.tlog\cl.read.1.tlog
d:\rnd\bst\src\debug\src.tlog\cl.write.1.tlog
d:\rnd\bst\src\debug\src.tlog\link-cvtres.read.1.tlog
d:\rnd\bst\src\debug\src.tlog\link-cvtres.write.1.tlog
d:\rnd\bst\src\debug\src.tlog\link-rc.read.1.tlog
d:\rnd\bst\src\debug\src.tlog\link-rc.write.1.tlog
d:\rnd\bst\src\debug\src.tlog\link.command.1.tlog
d:\rnd\bst\src\debug\src.tlog\link.read.1.tlog
d:\rnd\bst\src\debug\src.tlog\link.write.1.tlog
