d:\rnd\mock_2\spec\debug\spec.pch
d:\rnd\mock_2\spec\debug\vc120.pdb
d:\rnd\mock_2\spec\debug\stdafx.obj
d:\rnd\mock_2\spec\debug\minileaderboardspec.obj
d:\rnd\mock_2\spec\debug\mangocollectorspec.obj
d:\rnd\mock_2\spec\debug\encodedecodespec.obj
d:\rnd\mock_2\spec\debug\domvalidatorspec.obj
d:\rnd\mock_2\spec\debug\chesspawnsspec.obj
d:\rnd\mock_2\spec\debug\assemblyinfo.obj
d:\rnd\mock_2\spec\debug\.netframework,version=v4.0.assemblyattributes.obj
d:\rnd\mock_2\debug\spec.dll
d:\rnd\mock_2\debug\spec.pdb
d:\rnd\mock_2\spec\debug\app.res
d:\rnd\mock_2\spec\debug\spec.vcxprojresolveassemblyreference.cache
d:\rnd\mock_2\spec\debug\spec.tlog\cl.command.1.tlog
d:\rnd\mock_2\spec\debug\spec.tlog\cl.read.1.tlog
d:\rnd\mock_2\spec\debug\spec.tlog\cl.write.1.tlog
d:\rnd\mock_2\spec\debug\spec.tlog\link.command.1.tlog
d:\rnd\mock_2\spec\debug\spec.tlog\link.read.1.tlog
d:\rnd\mock_2\spec\debug\spec.tlog\link.write.1.tlog
d:\rnd\mock_2\spec\debug\spec.tlog\metagen.read.1.tlog
d:\rnd\mock_2\spec\debug\spec.tlog\metagen.write.1.tlog
d:\rnd\mock_2\spec\debug\spec.tlog\rc.command.1.tlog
d:\rnd\mock_2\spec\debug\spec.tlog\rc.read.1.tlog
d:\rnd\mock_2\spec\debug\spec.tlog\rc.write.1.tlog
d:\rnd\mock_2\spec\debug\spec.tlog\tzres.dll.bi
